[0.979s] Invoking command in '/home/yuki-komurasaki/DSrobot_ws/src/my_robot_controller': PYTHONPATH=/home/yuki-komurasaki/DSrobot_ws/build/my_robot_controller/prefix_override:/usr/lib/python3/dist-packages/colcon_core/task/python/colcon_distutils_commands:/home/yuki-komurasaki/DSrobot_ws/install/my_robot_controller/lib/python3.10/site-packages:${PYTHONPATH} /usr/bin/python3 -W ignore:setup.py install is deprecated -W ignore:easy_install command is deprecated setup.py egg_info --egg-base ../../build/my_robot_controller build --build-base /home/yuki-komurasaki/DSrobot_ws/build/my_robot_controller/build install --record /home/yuki-komurasaki/DSrobot_ws/build/my_robot_controller/install.log --single-version-externally-managed install_data
[1.493s] running egg_info
[1.494s] creating ../../build/my_robot_controller/my_robot_controller.egg-info
[1.494s] writing ../../build/my_robot_controller/my_robot_controller.egg-info/PKG-INFO
[1.494s] writing dependency_links to ../../build/my_robot_controller/my_robot_controller.egg-info/dependency_links.txt
[1.494s] writing entry points to ../../build/my_robot_controller/my_robot_controller.egg-info/entry_points.txt
[1.494s] writing requirements to ../../build/my_robot_controller/my_robot_controller.egg-info/requires.txt
[1.494s] writing top-level names to ../../build/my_robot_controller/my_robot_controller.egg-info/top_level.txt
[1.495s] writing manifest file '../../build/my_robot_controller/my_robot_controller.egg-info/SOURCES.txt'
[1.496s] reading manifest file '../../build/my_robot_controller/my_robot_controller.egg-info/SOURCES.txt'
[1.497s] writing manifest file '../../build/my_robot_controller/my_robot_controller.egg-info/SOURCES.txt'
[1.497s] running build
[1.497s] running build_py
[1.497s] creating /home/yuki-komurasaki/DSrobot_ws/build/my_robot_controller/build
[1.497s] creating /home/yuki-komurasaki/DSrobot_ws/build/my_robot_controller/build/lib
[1.497s] creating /home/yuki-komurasaki/DSrobot_ws/build/my_robot_controller/build/lib/my_robot_controller
[1.497s] copying my_robot_controller/__init__.py -> /home/yuki-komurasaki/DSrobot_ws/build/my_robot_controller/build/lib/my_robot_controller
[1.497s] copying my_robot_controller/my_teleop_node.py -> /home/yuki-komurasaki/DSrobot_ws/build/my_robot_controller/build/lib/my_robot_controller
[1.497s] running install
[1.498s] running install_lib
[1.499s] creating /home/yuki-komurasaki/DSrobot_ws/install/my_robot_controller/lib/python3.10/site-packages/my_robot_controller
[1.499s] copying /home/yuki-komurasaki/DSrobot_ws/build/my_robot_controller/build/lib/my_robot_controller/__init__.py -> /home/yuki-komurasaki/DSrobot_ws/install/my_robot_controller/lib/python3.10/site-packages/my_robot_controller
[1.499s] copying /home/yuki-komurasaki/DSrobot_ws/build/my_robot_controller/build/lib/my_robot_controller/my_teleop_node.py -> /home/yuki-komurasaki/DSrobot_ws/install/my_robot_controller/lib/python3.10/site-packages/my_robot_controller
[1.499s] byte-compiling /home/yuki-komurasaki/DSrobot_ws/install/my_robot_controller/lib/python3.10/site-packages/my_robot_controller/__init__.py to __init__.cpython-310.pyc
[1.499s] byte-compiling /home/yuki-komurasaki/DSrobot_ws/install/my_robot_controller/lib/python3.10/site-packages/my_robot_controller/my_teleop_node.py to my_teleop_node.cpython-310.pyc
[1.500s] running install_data
[1.500s] creating /home/yuki-komurasaki/DSrobot_ws/install/my_robot_controller/share/ament_index
[1.500s] creating /home/yuki-komurasaki/DSrobot_ws/install/my_robot_controller/share/ament_index/resource_index
[1.500s] creating /home/yuki-komurasaki/DSrobot_ws/install/my_robot_controller/share/ament_index/resource_index/packages
[1.500s] copying resource/my_robot_controller -> /home/yuki-komurasaki/DSrobot_ws/install/my_robot_controller/share/ament_index/resource_index/packages
[1.500s] copying package.xml -> /home/yuki-komurasaki/DSrobot_ws/install/my_robot_controller/share/my_robot_controller
[1.500s] running install_egg_info
[1.503s] Copying ../../build/my_robot_controller/my_robot_controller.egg-info to /home/yuki-komurasaki/DSrobot_ws/install/my_robot_controller/lib/python3.10/site-packages/my_robot_controller-0.0.0-py3.10.egg-info
[1.504s] running install_scripts
[1.531s] Installing my_teleop_node script to /home/yuki-komurasaki/DSrobot_ws/install/my_robot_controller/lib/my_robot_controller
[1.531s] writing list of installed files to '/home/yuki-komurasaki/DSrobot_ws/build/my_robot_controller/install.log'
[1.564s] Invoked command in '/home/yuki-komurasaki/DSrobot_ws/src/my_robot_controller' returned '0': PYTHONPATH=/home/yuki-komurasaki/DSrobot_ws/build/my_robot_controller/prefix_override:/usr/lib/python3/dist-packages/colcon_core/task/python/colcon_distutils_commands:/home/yuki-komurasaki/DSrobot_ws/install/my_robot_controller/lib/python3.10/site-packages:${PYTHONPATH} /usr/bin/python3 -W ignore:setup.py install is deprecated -W ignore:easy_install command is deprecated setup.py egg_info --egg-base ../../build/my_robot_controller build --build-base /home/yuki-komurasaki/DSrobot_ws/build/my_robot_controller/build install --record /home/yuki-komurasaki/DSrobot_ws/build/my_robot_controller/install.log --single-version-externally-managed install_data
