[0.931s] Invoking command in '/home/yuki-komurasaki/DSrobot_ws/src/my_robot_controller': PYTHONPATH=/home/yuki-komurasaki/DSrobot_ws/build/my_robot_controller/prefix_override:/usr/lib/python3/dist-packages/colcon_core/task/python/colcon_distutils_commands:/home/yuki-komurasaki/DSrobot_ws/install/my_robot_controller/lib/python3.10/site-packages:${PYTHONPATH} /usr/bin/python3 -W ignore:setup.py install is deprecated -W ignore:easy_install command is deprecated setup.py egg_info --egg-base ../../build/my_robot_controller build --build-base /home/yuki-komurasaki/DSrobot_ws/build/my_robot_controller/build install --record /home/yuki-komurasaki/DSrobot_ws/build/my_robot_controller/install.log --single-version-externally-managed install_data
[1.196s] running egg_info
[1.196s] writing ../../build/my_robot_controller/my_robot_controller.egg-info/PKG-INFO
[1.196s] writing dependency_links to ../../build/my_robot_controller/my_robot_controller.egg-info/dependency_links.txt
[1.196s] writing entry points to ../../build/my_robot_controller/my_robot_controller.egg-info/entry_points.txt
[1.197s] writing requirements to ../../build/my_robot_controller/my_robot_controller.egg-info/requires.txt
[1.197s] writing top-level names to ../../build/my_robot_controller/my_robot_controller.egg-info/top_level.txt
[1.198s] reading manifest file '../../build/my_robot_controller/my_robot_controller.egg-info/SOURCES.txt'
[1.199s] writing manifest file '../../build/my_robot_controller/my_robot_controller.egg-info/SOURCES.txt'
[1.199s] running build
[1.199s] running build_py
[1.200s] running install
[1.200s] running install_lib
[1.201s] running install_data
[1.202s] running install_egg_info
[1.204s] removing '/home/yuki-komurasaki/DSrobot_ws/install/my_robot_controller/lib/python3.10/site-packages/my_robot_controller-0.0.0-py3.10.egg-info' (and everything under it)
[1.205s] Copying ../../build/my_robot_controller/my_robot_controller.egg-info to /home/yuki-komurasaki/DSrobot_ws/install/my_robot_controller/lib/python3.10/site-packages/my_robot_controller-0.0.0-py3.10.egg-info
[1.205s] running install_scripts
[1.235s] Installing my_teleop_node script to /home/yuki-komurasaki/DSrobot_ws/install/my_robot_controller/lib/my_robot_controller
[1.235s] writing list of installed files to '/home/yuki-komurasaki/DSrobot_ws/build/my_robot_controller/install.log'
[1.266s] Invoked command in '/home/yuki-komurasaki/DSrobot_ws/src/my_robot_controller' returned '0': PYTHONPATH=/home/yuki-komurasaki/DSrobot_ws/build/my_robot_controller/prefix_override:/usr/lib/python3/dist-packages/colcon_core/task/python/colcon_distutils_commands:/home/yuki-komurasaki/DSrobot_ws/install/my_robot_controller/lib/python3.10/site-packages:${PYTHONPATH} /usr/bin/python3 -W ignore:setup.py install is deprecated -W ignore:easy_install command is deprecated setup.py egg_info --egg-base ../../build/my_robot_controller build --build-base /home/yuki-komurasaki/DSrobot_ws/build/my_robot_controller/build install --record /home/yuki-komurasaki/DSrobot_ws/build/my_robot_controller/install.log --single-version-externally-managed install_data
